<?xml version="1.0" encoding="UTF-8"?>
<testng-results ignored="0" total="1" passed="1" failed="0" skipped="0">
  <reporter-output>
  </reporter-output>
  <suite started-at="2022-05-12T17:04:35 NPT" name="Default suite" finished-at="2022-05-12T17:05:12 NPT" duration-ms="36337">
    <groups>
    </groups>
    <test started-at="2022-05-12T17:04:35 NPT" name="Default test" finished-at="2022-05-12T17:05:12 NPT" duration-ms="36337">
      <class name="DemoToDekho.DemoExample">
        <test-method signature="initialize()[pri:0, instance:DemoToDekho.DemoExample@59662a0b]" started-at="2022-05-12T17:04:36 NPT" name="initialize" finished-at="2022-05-12T17:05:12 NPT" duration-ms="36273" status="PASS">
          <reporter-output>
          </reporter-output>
        </test-method> <!-- initialize -->
      </class> <!-- DemoToDekho.DemoExample -->
    </test> <!-- Default test -->
  </suite> <!-- Default suite -->
</testng-results>
