<?xml version="1.0" encoding="UTF-8"?>
<testng-results ignored="0" total="1" passed="1" failed="0" skipped="0">
  <reporter-output>
  </reporter-output>
  <suite started-at="2022-05-11T15:30:53 NPT" name="Default suite" finished-at="2022-05-11T15:31:22 NPT" duration-ms="28573">
    <groups>
    </groups>
    <test started-at="2022-05-11T15:30:53 NPT" name="Default test" finished-at="2022-05-11T15:31:22 NPT" duration-ms="28573">
      <class name="UserLogin.login">
        <test-method signature="initialize()[pri:0, instance:UserLogin.login@3246fb96]" started-at="2022-05-11T15:30:53 NPT" name="initialize" finished-at="2022-05-11T15:31:22 NPT" duration-ms="28511" status="PASS">
          <reporter-output>
          </reporter-output>
        </test-method> <!-- initialize -->
      </class> <!-- UserLogin.login -->
    </test> <!-- Default test -->
  </suite> <!-- Default suite -->
</testng-results>
